0 info it worked if it ends with ok
1 verbose cli [ 'C:\\dev\\nodejs\\\\node.exe',
1 verbose cli   'C:\\dev\\nodejs\\node_modules\\npm\\bin\\npm-cli.js',
1 verbose cli   'install',
1 verbose cli   '-g',
1 verbose cli   'less',
1 verbose cli   '2.5.1' ]
2 info using npm@2.11.3
3 info using node@v0.12.7
4 verbose install initial load of C:\Users\Bpaugam\AppData\Roaming\npm\package.json
5 verbose readDependencies loading dependencies from C:\Users\Bpaugam\AppData\Roaming\npm\package.json
6 silly cache add args [ 'less', null ]
7 verbose cache add spec less
8 silly cache add args [ '2.5.1', null ]
9 verbose cache add spec 2.5.1
10 silly cache add parsed spec { raw: 'less',
10 silly cache add   scope: null,
10 silly cache add   name: 'less',
10 silly cache add   rawSpec: '',
10 silly cache add   spec: '*',
10 silly cache add   type: 'range' }
11 silly addNamed less@*
12 verbose addNamed "*" is a valid semver range for less
13 silly addNameRange { name: 'less', range: '*', hasData: false }
14 silly mapToRegistry name less
15 silly mapToRegistry using default registry
16 silly mapToRegistry registry https://registry.npmjs.org/
17 silly mapToRegistry uri https://registry.npmjs.org/less
18 verbose addNameRange registry:https://registry.npmjs.org/less not in flight; fetching
19 silly cache add parsed spec { raw: '2.5.1',
19 silly cache add   scope: null,
19 silly cache add   name: '2.5.1',
19 silly cache add   rawSpec: '',
19 silly cache add   spec: '*',
19 silly cache add   type: 'range' }
20 silly addNamed 2.5.1@*
21 verbose addNamed "*" is a valid semver range for 2.5.1
22 silly addNameRange { name: '2.5.1', range: '*', hasData: false }
23 silly mapToRegistry name 2.5.1
24 silly mapToRegistry using default registry
25 silly mapToRegistry registry https://registry.npmjs.org/
26 silly mapToRegistry uri https://registry.npmjs.org/2.5.1
27 verbose addNameRange registry:https://registry.npmjs.org/2.5.1 not in flight; fetching
28 verbose request uri https://registry.npmjs.org/2.5.1
29 verbose request no auth needed
30 info attempt registry request try #1 at 15:05:32
31 verbose request id 669ac6976a45aa2f
32 http request GET https://registry.npmjs.org/2.5.1
33 verbose request uri https://registry.npmjs.org/less
34 verbose request no auth needed
35 info attempt registry request try #1 at 15:05:32
36 verbose etag "EIYZ7FWK3124BFCJHDSROKS87"
37 http request GET https://registry.npmjs.org/less
38 http 304 https://registry.npmjs.org/less
39 silly get cb [ 304,
39 silly get   { date: 'Tue, 20 Oct 2015 13:05:27 GMT',
39 silly get     via: '1.1 varnish',
39 silly get     'cache-control': 'max-age=60',
39 silly get     etag: '"EIYZ7FWK3124BFCJHDSROKS87"',
39 silly get     age: '47',
39 silly get     connection: 'keep-alive',
39 silly get     'x-served-by': 'cache-fra1239-FRA',
39 silly get     'x-cache': 'HIT',
39 silly get     'x-cache-hits': '1',
39 silly get     'x-timer': 'S1445346327.134176,VS0,VE0',
39 silly get     vary: 'Accept' } ]
40 verbose etag https://registry.npmjs.org/less from cache
41 verbose get saving less to C:\Users\Bpaugam\AppData\Roaming\npm-cache\registry.npmjs.org\less\.cache.json
42 silly addNameRange number 2 { name: 'less', range: '*', hasData: true }
43 silly addNameRange versions [ 'less',
43 silly addNameRange   [ '1.0.10',
43 silly addNameRange     '1.0.11',
43 silly addNameRange     '1.0.14',
43 silly addNameRange     '1.0.18',
43 silly addNameRange     '1.0.19',
43 silly addNameRange     '1.0.21',
43 silly addNameRange     '1.0.32',
43 silly addNameRange     '1.0.36',
43 silly addNameRange     '1.0.5',
43 silly addNameRange     '1.0.40',
43 silly addNameRange     '1.0.41',
43 silly addNameRange     '1.0.44',
43 silly addNameRange     '1.1.0',
43 silly addNameRange     '1.1.1',
43 silly addNameRange     '1.1.2',
43 silly addNameRange     '1.1.4',
43 silly addNameRange     '1.1.5',
43 silly addNameRange     '1.1.6',
43 silly addNameRange     '1.2.0',
43 silly addNameRange     '1.2.1',
43 silly addNameRange     '1.2.2',
43 silly addNameRange     '1.3.0',
43 silly addNameRange     '1.3.1',
43 silly addNameRange     '1.3.2',
43 silly addNameRange     '1.3.3',
43 silly addNameRange     '1.4.0-b1',
43 silly addNameRange     '1.4.0-b2',
43 silly addNameRange     '1.4.0-b3',
43 silly addNameRange     '1.4.0-b4',
43 silly addNameRange     '1.4.0',
43 silly addNameRange     '1.4.1',
43 silly addNameRange     '1.4.2',
43 silly addNameRange     '1.5.0-b1',
43 silly addNameRange     '1.5.0-b2',
43 silly addNameRange     '1.5.0-b3',
43 silly addNameRange     '1.5.0-b4',
43 silly addNameRange     '1.5.0',
43 silly addNameRange     '1.5.1',
43 silly addNameRange     '1.6.0',
43 silly addNameRange     '1.6.1',
43 silly addNameRange     '1.6.2',
43 silly addNameRange     '1.6.3',
43 silly addNameRange     '1.7.0',
43 silly addNameRange     '1.7.1',
43 silly addNameRange     '1.7.3',
43 silly addNameRange     '1.7.4',
43 silly addNameRange     '1.7.5',
43 silly addNameRange     '2.0.0-b1',
43 silly addNameRange     '2.0.0-b2',
43 silly addNameRange     '2.0.0-b3',
43 silly addNameRange     '2.0.0',
43 silly addNameRange     '2.1.0',
43 silly addNameRange     '2.1.1',
43 silly addNameRange     '2.1.2',
43 silly addNameRange     '2.2.0',
43 silly addNameRange     '2.3.0',
43 silly addNameRange     '2.3.1',
43 silly addNameRange     '2.4.0',
43 silly addNameRange     '2.5.0',
43 silly addNameRange     '2.5.1',
43 silly addNameRange     '2.5.2',
43 silly addNameRange     '2.5.3' ] ]
44 silly addNamed less@2.5.3
45 verbose addNamed "2.5.3" is a plain semver version for less
46 silly cache afterAdd less@2.5.3
47 verbose afterAdd C:\Users\Bpaugam\AppData\Roaming\npm-cache\less\2.5.3\package\package.json not in flight; writing
48 verbose afterAdd C:\Users\Bpaugam\AppData\Roaming\npm-cache\less\2.5.3\package\package.json written
49 http 404 https://registry.npmjs.org/2.5.1
50 verbose headers { 'content-type': 'application/json',
50 verbose headers   'cache-control': 'max-age=0',
50 verbose headers   'content-length': '2',
50 verbose headers   'accept-ranges': 'bytes',
50 verbose headers   date: 'Tue, 20 Oct 2015 13:05:27 GMT',
50 verbose headers   via: '1.1 varnish',
50 verbose headers   age: '0',
50 verbose headers   connection: 'keep-alive',
50 verbose headers   'x-served-by': 'cache-fra1244-FRA',
50 verbose headers   'x-cache': 'MISS',
50 verbose headers   'x-cache-hits': '0',
50 verbose headers   'x-timer': 'S1445346327.129494,VS0,VE185' }
51 silly get cb [ 404,
51 silly get   { 'content-type': 'application/json',
51 silly get     'cache-control': 'max-age=0',
51 silly get     'content-length': '2',
51 silly get     'accept-ranges': 'bytes',
51 silly get     date: 'Tue, 20 Oct 2015 13:05:27 GMT',
51 silly get     via: '1.1 varnish',
51 silly get     age: '0',
51 silly get     connection: 'keep-alive',
51 silly get     'x-served-by': 'cache-fra1244-FRA',
51 silly get     'x-cache': 'MISS',
51 silly get     'x-cache-hits': '0',
51 silly get     'x-timer': 'S1445346327.129494,VS0,VE185' } ]
52 verbose stack Error: Registry returned 404 for GET on https://registry.npmjs.org/2.5.1
52 verbose stack     at CachingRegistryClient.<anonymous> (C:\dev\nodejs\node_modules\npm\node_modules\npm-registry-client\lib\request.js:239:14)
52 verbose stack     at Request._callback (C:\dev\nodejs\node_modules\npm\node_modules\npm-registry-client\lib\request.js:170:14)
52 verbose stack     at Request.self.callback (C:\dev\nodejs\node_modules\npm\node_modules\request\request.js:354:22)
52 verbose stack     at Request.emit (events.js:110:17)
52 verbose stack     at Request.<anonymous> (C:\dev\nodejs\node_modules\npm\node_modules\request\request.js:1207:14)
52 verbose stack     at Request.emit (events.js:129:20)
52 verbose stack     at IncomingMessage.<anonymous> (C:\dev\nodejs\node_modules\npm\node_modules\request\request.js:1153:12)
52 verbose stack     at IncomingMessage.emit (events.js:129:20)
52 verbose stack     at _stream_readable.js:908:16
52 verbose stack     at process._tickCallback (node.js:355:11)
53 verbose statusCode 404
54 verbose pkgid 2.5.1
55 verbose cwd c:\Sites\lucca-ui
56 error Windows_NT 6.1.7601
57 error argv "C:\\dev\\nodejs\\\\node.exe" "C:\\dev\\nodejs\\node_modules\\npm\\bin\\npm-cli.js" "install" "-g" "less" "2.5.1"
58 error node v0.12.7
59 error npm  v2.11.3
60 error code E404
61 error 404 Registry returned 404 for GET on https://registry.npmjs.org/2.5.1
61 error 404
61 error 404 '2.5.1' is not in the npm registry.
61 error 404 You should bug the author to publish it (or use the name yourself!)
61 error 404
61 error 404 Note that you can also install from a
61 error 404 tarball, folder, http url, or git url.
62 verbose exit [ 1, true ]
